[23:01:46] [Client thread/INFO]: Setting user: jay302
[23:01:49] [Client thread/WARN]: Skipping bad option: lastServer:
[23:01:49] [Client thread/INFO]: LWJGL Version: 2.9.4
[23:02:07] [Client thread/INFO]: Reloading ResourceManager: BetterFps, Default, FMLFileResourcePack:Forge Mod Loader, FMLFileResourcePack:Minecraft Forge, FMLFileResourcePack:AgriCraft, FMLFileResourcePack:Applied Energistics 2, FMLFileResourcePack:ArchitectureCraft, FMLFileResourcePack:Baubles, FMLFileResourcePack:BD Lib, FMLFileResourcePack:Biome Bundle, FMLFileResourcePack:Botania, FMLFileResourcePack:Carry On, FMLFileResourcePack:Chameleon, FMLFileResourcePack:Chisel, FMLFileResourcePack:CodeChicken Lib, FMLFileResourcePack:ccl-entityhook, FMLFileResourcePack:CoFH Core, FMLFileResourcePack:CT-GUI, FMLFileResourcePack:MineTweaker 3, FMLFileResourcePack:CraftTweaker JEI Support, FMLFileResourcePack:CTM, FMLFileResourcePack:EnderCore, FMLFileResourcePack:Ender IO, FMLFileResourcePack:Extra Utilities 2, FMLFileResourcePack:Extreme Reactors, FMLFileResourcePack:Fast Leaf Decay, FMLFileResourcePack:Forestry, FMLFileResourcePack:Shadowfacts' Forgelin, FMLFileResourcePack:FTBLib, FMLFileResourcePack:FTBUtilities, FMLFileResourcePack:Advanced Generators, FMLFileResourcePack:Gravestone Mod, FMLFileResourcePack:Hardcore Questing Mode, FMLFileResourcePack:Immersive Engineering, FMLFileResourcePack:Immersive Petroleum, FMLFileResourcePack:IndustrialCraft 2, FMLFileResourcePack:Industrial Wires, FMLFileResourcePack:InfinityLib, FMLFileResourcePack:Inventory Tweaks, FMLFileResourcePack:Iron Backpacks, FMLFileResourcePack:Iron Chest, FMLFileResourcePack:Item Scroller, FMLFileResourcePack:JourneyMap, FMLFileResourcePack:Magneticraft, FMLFileResourcePack:Mantle, FMLFileResourcePack:MCMultiPart, FMLFileResourcePack:Mekanism, FMLFileResourcePack:MekanismGenerators, FMLFileResourcePack:MekanismTools, FMLFileResourcePack:MineColonies, FMLFileResourcePack:Minecraft Flight Simulator, FMLFileResourcePack:MineFactory Reloaded, FMLFileResourcePack:MFR Compat: Vanilla, FMLFileResourcePack:Nature's Compass, FMLFileResourcePack:OMLib, FMLFileResourcePack:OpenBlocks, FMLFileResourcePack:OpenModsLib, FMLFileResourcePack:Open Modular Turrets, FMLFileResourcePack:Open Terrain Generator, FMLFileResourcePack:OreExcavation, FMLFileResourcePack:Packing Tape, FMLFileResourcePack:ShadowMC, FMLFileResourcePack:Simply Jetpacks 2, FMLFileResourcePack:Sleeping Bag, FMLFileResourcePack:Storage Drawers, FMLFileResourcePack:Tinkers' Construct, FMLFileResourcePack:Thermal Dynamics, FMLFileResourcePack:Thermal Expansion, FMLFileResourcePack:Thermal Foundation, FMLFileResourcePack:Tinkers Tool Leveling, FMLFileResourcePack:Waila, FMLFileResourcePack:Zero CORE
[23:02:50] [Client thread/WARN]: File mekanism:sounds/ElectrolyticSeparator.ogg does not exist, cannot add it to event mekanism:tile.machine.electrolyticseparator
[23:02:50] [Client thread/WARN]: File mekanism:sounds/RotaryCondensentrator.ogg does not exist, cannot add it to event mekanism:tile.machine.rotarycondensentrator
[23:02:50] [Client thread/WARN]: Missing sound for event: minecolonies:mob.guard.archer.female.badhousing
[23:02:50] [Sound Library Loader/INFO]: Starting up SoundSystem...
[23:02:50] [Thread-10/INFO]: Initializing LWJGL OpenAL
[23:02:50] [Thread-10/INFO]: (The LWJGL binding of OpenAL.  For more information, see http://www.lwjgl.org)
[23:02:50] [Thread-10/INFO]: OpenAL initialized.
[23:02:51] [Sound Library Loader/INFO]: Sound engine started
[23:03:03] [Client thread/INFO]: Created: 16x16 textures-atlas
[23:03:20] [Client thread/INFO]: Reloading ResourceManager: BetterFps, Default, FMLFileResourcePack:Forge Mod Loader, FMLFileResourcePack:Minecraft Forge, FMLFileResourcePack:AgriCraft, FMLFileResourcePack:Applied Energistics 2, FMLFileResourcePack:ArchitectureCraft, FMLFileResourcePack:Baubles, FMLFileResourcePack:BD Lib, FMLFileResourcePack:Biome Bundle, FMLFileResourcePack:Botania, FMLFileResourcePack:Carry On, FMLFileResourcePack:Chameleon, FMLFileResourcePack:Chisel, FMLFileResourcePack:CodeChicken Lib, FMLFileResourcePack:ccl-entityhook, FMLFileResourcePack:CoFH Core, FMLFileResourcePack:CT-GUI, FMLFileResourcePack:MineTweaker 3, FMLFileResourcePack:CraftTweaker JEI Support, FMLFileResourcePack:CTM, FMLFileResourcePack:EnderCore, FMLFileResourcePack:Ender IO, FMLFileResourcePack:Extra Utilities 2, FMLFileResourcePack:Extreme Reactors, FMLFileResourcePack:Fast Leaf Decay, FMLFileResourcePack:Forestry, FMLFileResourcePack:Shadowfacts' Forgelin, FMLFileResourcePack:FTBLib, FMLFileResourcePack:FTBUtilities, FMLFileResourcePack:Advanced Generators, FMLFileResourcePack:Gravestone Mod, FMLFileResourcePack:Hardcore Questing Mode, FMLFileResourcePack:Immersive Engineering, FMLFileResourcePack:Immersive Petroleum, FMLFileResourcePack:IndustrialCraft 2, FMLFileResourcePack:Industrial Wires, FMLFileResourcePack:InfinityLib, FMLFileResourcePack:Inventory Tweaks, FMLFileResourcePack:Iron Backpacks, FMLFileResourcePack:Iron Chest, FMLFileResourcePack:Item Scroller, FMLFileResourcePack:JourneyMap, FMLFileResourcePack:Magneticraft, FMLFileResourcePack:Mantle, FMLFileResourcePack:MCMultiPart, FMLFileResourcePack:Mekanism, FMLFileResourcePack:MekanismGenerators, FMLFileResourcePack:MekanismTools, FMLFileResourcePack:MineColonies, FMLFileResourcePack:Minecraft Flight Simulator, FMLFileResourcePack:MineFactory Reloaded, FMLFileResourcePack:MFR Compat: Vanilla, FMLFileResourcePack:Nature's Compass, FMLFileResourcePack:OMLib, FMLFileResourcePack:OpenBlocks, FMLFileResourcePack:OpenModsLib, FMLFileResourcePack:Open Modular Turrets, FMLFileResourcePack:Open Terrain Generator, FMLFileResourcePack:OreExcavation, FMLFileResourcePack:Packing Tape, FMLFileResourcePack:ShadowMC, FMLFileResourcePack:Simply Jetpacks 2, FMLFileResourcePack:Sleeping Bag, FMLFileResourcePack:Storage Drawers, FMLFileResourcePack:Tinkers' Construct, FMLFileResourcePack:Thermal Dynamics, FMLFileResourcePack:Thermal Expansion, FMLFileResourcePack:Thermal Foundation, FMLFileResourcePack:Tinkers Tool Leveling, FMLFileResourcePack:Waila, FMLFileResourcePack:Zero CORE
[23:03:21] [Client thread/WARN]: File mekanism:sounds/ElectrolyticSeparator.ogg does not exist, cannot add it to event mekanism:tile.machine.electrolyticseparator
[23:03:21] [Client thread/WARN]: File mekanism:sounds/RotaryCondensentrator.ogg does not exist, cannot add it to event mekanism:tile.machine.rotarycondensentrator
[23:03:21] [Client thread/WARN]: Missing sound for event: minecolonies:mob.guard.archer.female.badhousing
[23:03:21] [Client thread/INFO]: SoundSystem shutting down...
[23:03:22] [Client thread/WARN]: Author: Paul Lamb, www.paulscode.com
[23:03:22] [Sound Library Loader/INFO]: Starting up SoundSystem...
[23:03:22] [Thread-21/INFO]: Initializing LWJGL OpenAL
[23:03:22] [Thread-21/INFO]: (The LWJGL binding of OpenAL.  For more information, see http://www.lwjgl.org)
[23:03:22] [Thread-21/INFO]: OpenAL initialized.
[23:03:22] [Sound Library Loader/INFO]: Sound engine started
[23:03:36] [Client thread/WARN]: Texture bigreactors:textures/guiicons/wastemanual_off.png with size 18x18 will have visual artifacts at mip level 4, it can only support level 1. Please report to the mod author that the texture should be some multiple of 16x16.
[23:03:37] [Client thread/WARN]: Texture mekanism:textures/blocks/models/multipart/opaque/UniversalCableVerticalBasic.png with size 24x24 will have visual artifacts at mip level 4, it can only support level 3. Please report to the mod author that the texture should be some multiple of 16x16.
[23:03:37] [Client thread/WARN]: Texture bigreactors:textures/guiicons/coolantin.png with size 17x17 will have visual artifacts at mip level 4, it can only support level 0. Please report to the mod author that the texture should be some multiple of 16x16.
[23:03:37] [Client thread/WARN]: Texture bigreactors:textures/items/turbine/legacy/housingcoretop.png with size 9x9 will have visual artifacts at mip level 4, it can only support level 0. Please report to the mod author that the texture should be some multiple of 16x16.
[23:03:37] [Client thread/WARN]: Texture mekanism:textures/blocks/models/multipart/opaque/ThermodynamicConductorVerticalElite.png with size 24x24 will have visual artifacts at mip level 4, it can only support level 3. Please report to the mod author that the texture should be some multiple of 16x16.
[23:03:37] [Client thread/WARN]: Texture mekanism:textures/blocks/models/multipart/opaque/UniversalCableVerticalAdvanced.png with size 24x24 will have visual artifacts at mip level 4, it can only support level 3. Please report to the mod author that the texture should be some multiple of 16x16.
[23:03:37] [Client thread/WARN]: Texture mekanism:textures/blocks/models/multipart/opaque/ThermodynamicConductorVerticalAdvanced.png with size 24x24 will have visual artifacts at mip level 4, it can only support level 3. Please report to the mod author that the texture should be some multiple of 16x16.
[23:03:37] [Client thread/WARN]: Texture bigreactors:textures/guiicons/off_on.png with size 18x18 will have visual artifacts at mip level 4, it can only support level 1. Please report to the mod author that the texture should be some multiple of 16x16.
[23:03:37] [Client thread/WARN]: Texture mekanism:textures/blocks/models/multipart/opaque/PressurizedTubeVerticalElite.png with size 24x24 will have visual artifacts at mip level 4, it can only support level 3. Please report to the mod author that the texture should be some multiple of 16x16.
[23:03:38] [Client thread/WARN]: Texture mekanism:textures/blocks/models/multipart/opaque/PressurizedTubeVerticalUltimate.png with size 24x24 will have visual artifacts at mip level 4, it can only support level 3. Please report to the mod author that the texture should be some multiple of 16x16.
[23:03:38] [Client thread/WARN]: Texture bigreactors:textures/guiicons/coolantout.png with size 17x17 will have visual artifacts at mip level 4, it can only support level 0. Please report to the mod author that the texture should be some multiple of 16x16.
[23:03:38] [Client thread/WARN]: Texture mekanism:textures/blocks/models/multipart/opaque/ThermodynamicConductorVerticalBasic.png with size 24x24 will have visual artifacts at mip level 4, it can only support level 3. Please report to the mod author that the texture should be some multiple of 16x16.
[23:03:38] [Client thread/WARN]: Texture bigreactors:textures/guiicons/wastemanual_on.png with size 18x18 will have visual artifacts at mip level 4, it can only support level 1. Please report to the mod author that the texture should be some multiple of 16x16.
[23:03:38] [Client thread/WARN]: Texture mekanism:textures/blocks/models/multipart/opaque/UniversalCableVerticalUltimate.png with size 24x24 will have visual artifacts at mip level 4, it can only support level 3. Please report to the mod author that the texture should be some multiple of 16x16.
[23:03:38] [Client thread/WARN]: Texture immersiveengineering:textures/blocks/metalMultiblock_silo.png with size 88x88 will have visual artifacts at mip level 4, it can only support level 3. Please report to the mod author that the texture should be some multiple of 16x16.
[23:03:38] [Client thread/WARN]: Texture mekanism:textures/blocks/models/multipart/opaque/ThermodynamicConductorVerticalUltimate.png with size 24x24 will have visual artifacts at mip level 4, it can only support level 3. Please report to the mod author that the texture should be some multiple of 16x16.
[23:03:39] [Client thread/WARN]: Texture bigreactors:textures/guiicons/on_off.png with size 18x18 will have visual artifacts at mip level 4, it can only support level 1. Please report to the mod author that the texture should be some multiple of 16x16.
[23:03:39] [Client thread/WARN]: Texture bigreactors:textures/guiicons/hotfluidin.png with size 17x17 will have visual artifacts at mip level 4, it can only support level 0. Please report to the mod author that the texture should be some multiple of 16x16.
[23:03:39] [Client thread/WARN]: Texture minecolonies:textures/blocks/info/info_poster_wax.png with size 12x12 will have visual artifacts at mip level 4, it can only support level 2. Please report to the mod author that the texture should be some multiple of 16x16.
[23:03:39] [Client thread/WARN]: Texture mekanism:textures/blocks/models/multipart/opaque/PressurizedTubeVerticalAdvanced.png with size 24x24 will have visual artifacts at mip level 4, it can only support level 3. Please report to the mod author that the texture should be some multiple of 16x16.
[23:03:39] [Client thread/WARN]: Texture bigreactors:textures/guiicons/wasteeject_on.png with size 18x18 will have visual artifacts at mip level 4, it can only support level 1. Please report to the mod author that the texture should be some multiple of 16x16.
[23:03:39] [Client thread/WARN]: Texture bigreactors:textures/guiicons/hotfluidout.png with size 17x17 will have visual artifacts at mip level 4, it can only support level 0. Please report to the mod author that the texture should be some multiple of 16x16.
[23:03:39] [Client thread/WARN]: Texture bigreactors:textures/guiicons/on_on.png with size 18x18 will have visual artifacts at mip level 4, it can only support level 1. Please report to the mod author that the texture should be some multiple of 16x16.
[23:03:39] [Client thread/WARN]: Texture mekanism:textures/blocks/models/multipart/opaque/UniversalCableVerticalElite.png with size 24x24 will have visual artifacts at mip level 4, it can only support level 3. Please report to the mod author that the texture should be some multiple of 16x16.
[23:03:39] [Client thread/WARN]: Texture mekanism:textures/blocks/models/multipart/opaque/PressurizedTubeVerticalBasic.png with size 24x24 will have visual artifacts at mip level 4, it can only support level 3. Please report to the mod author that the texture should be some multiple of 16x16.
[23:03:39] [Client thread/WARN]: Texture bigreactors:textures/guiicons/wasteeject_off.png with size 18x18 will have visual artifacts at mip level 4, it can only support level 1. Please report to the mod author that the texture should be some multiple of 16x16.
[23:03:39] [Client thread/WARN]: Texture bigreactors:textures/guiicons/off_off.png with size 18x18 will have visual artifacts at mip level 4, it can only support level 1. Please report to the mod author that the texture should be some multiple of 16x16.
[23:03:49] [Client thread/INFO]: Created: 4096x4096 textures-atlas
[23:03:55] [Client thread/WARN]: Unable to resolve texture due to upward reference: #side in immersiveengineering:models/block/ieScaffolding
[23:03:55] [Client thread/WARN]: Unable to resolve texture due to upward reference: #side in immersiveengineering:models/block/ieScaffolding
[23:03:55] [Client thread/WARN]: Unable to resolve texture due to upward reference: #side in immersiveengineering:models/block/ieScaffolding
[23:03:55] [Client thread/WARN]: Unable to resolve texture due to upward reference: #side in immersiveengineering:models/block/ieScaffolding
[23:03:55] [Client thread/WARN]: Unable to resolve texture due to upward reference: #side in immersiveengineering:models/block/ieScaffolding
[23:03:56] [Client thread/WARN]: Unable to resolve texture due to upward reference: #side in immersiveengineering:models/block/ieScaffolding
[23:03:56] [Client thread/WARN]: Unable to resolve texture due to upward reference: #side in immersiveengineering:models/block/ieScaffolding
[23:03:56] [Client thread/WARN]: Unable to resolve texture due to upward reference: #side in immersiveengineering:models/block/ieScaffolding
[23:03:56] [Client thread/WARN]: Unable to resolve texture due to upward reference: #side in immersiveengineering:models/block/ieScaffolding
[23:03:56] [Client thread/WARN]: Unable to resolve texture due to upward reference: #side in immersiveengineering:models/block/ieScaffolding
[23:03:56] [Client thread/WARN]: Unable to resolve texture due to upward reference: #side in immersiveengineering:models/block/ieScaffolding
[23:03:56] [Client thread/WARN]: Unable to resolve texture due to upward reference: #side in immersiveengineering:models/block/ieScaffolding
[23:03:56] [Client thread/WARN]: Unable to resolve texture due to upward reference: #side in immersiveengineering:models/block/ieScaffolding
[23:03:56] [Client thread/WARN]: Unable to resolve texture due to upward reference: #side in immersiveengineering:models/block/ieScaffolding
[23:03:56] [Client thread/WARN]: Unable to resolve texture due to upward reference: #side in immersiveengineering:models/block/ieScaffolding
[23:03:56] [Client thread/WARN]: Unable to resolve texture due to upward reference: #side in immersiveengineering:models/block/ieScaffolding
[23:03:56] [Client thread/WARN]: Unable to resolve texture due to upward reference: #side in immersiveengineering:models/block/ieScaffolding
[23:03:56] [Client thread/WARN]: Unable to resolve texture due to upward reference: #side in immersiveengineering:models/block/ieScaffolding
[23:03:57] [Client thread/WARN]: Unable to resolve texture due to upward reference: #side in immersiveengineering:models/block/ieScaffolding
[23:03:57] [Client thread/WARN]: Unable to resolve texture due to upward reference: #side in immersiveengineering:models/block/ieScaffolding
[23:03:57] [Client thread/WARN]: Unable to resolve texture due to upward reference: #side in immersiveengineering:models/block/ieScaffolding
[23:03:57] [Client thread/WARN]: Unable to resolve texture due to upward reference: #side in immersiveengineering:models/block/ieScaffolding
[23:03:57] [Client thread/WARN]: Unable to resolve texture due to upward reference: #side in immersiveengineering:models/block/ieScaffolding
[23:03:57] [Client thread/WARN]: Unable to resolve texture due to upward reference: #side in immersiveengineering:models/block/ieScaffolding
[23:03:57] [Client thread/WARN]: Unable to resolve texture due to upward reference: #side in immersiveengineering:models/block/ieScaffolding
[23:03:57] [Client thread/WARN]: Unable to resolve texture due to upward reference: #side in immersiveengineering:models/block/ieScaffolding
[23:03:57] [Client thread/WARN]: Unable to resolve texture due to upward reference: #side in immersiveengineering:models/block/ieScaffolding
[23:03:57] [Client thread/WARN]: Unable to resolve texture due to upward reference: #side in immersiveengineering:models/block/ieScaffolding
[23:03:57] [Client thread/WARN]: Unable to resolve texture due to upward reference: #side in immersiveengineering:models/block/ieScaffolding
[23:03:57] [Client thread/WARN]: Unable to resolve texture due to upward reference: #side in immersiveengineering:models/block/ieScaffolding
[23:03:57] [Client thread/WARN]: Unable to resolve texture due to upward reference: #side in immersiveengineering:models/block/ieScaffolding
[23:03:57] [Client thread/WARN]: Unable to resolve texture due to upward reference: #side in immersiveengineering:models/block/ieScaffolding
[23:03:57] [Client thread/WARN]: Unable to resolve texture due to upward reference: #side in immersiveengineering:models/block/ieScaffolding
[23:03:57] [Client thread/WARN]: Unable to resolve texture due to upward reference: #side in immersiveengineering:models/block/ieScaffolding
[23:03:57] [Client thread/WARN]: Unable to resolve texture due to upward reference: #side in immersiveengineering:models/block/ieScaffolding
[23:03:57] [Client thread/WARN]: Unable to resolve texture due to upward reference: #side in immersiveengineering:models/block/ieScaffolding
[23:03:57] [Client thread/WARN]: Unable to resolve texture due to upward reference: #side in immersiveengineering:models/block/ieScaffolding
[23:03:57] [Client thread/WARN]: Unable to resolve texture due to upward reference: #side in immersiveengineering:models/block/ieScaffolding
[23:03:57] [Client thread/WARN]: Unable to resolve texture due to upward reference: #side in immersiveengineering:models/block/ieScaffolding
[23:03:57] [Client thread/WARN]: Unable to resolve texture due to upward reference: #side in immersiveengineering:models/block/ieScaffolding
[23:03:57] [Client thread/WARN]: Unable to resolve texture due to upward reference: #side in immersiveengineering:models/block/ieScaffolding
[23:03:57] [Client thread/WARN]: Unable to resolve texture due to upward reference: #side in immersiveengineering:models/block/ieScaffolding
[23:03:57] [Client thread/WARN]: Unable to resolve texture due to upward reference: #side in immersiveengineering:models/block/ieScaffolding
[23:03:57] [Client thread/WARN]: Unable to resolve texture due to upward reference: #side in immersiveengineering:models/block/ieScaffolding
[23:03:57] [Client thread/WARN]: Unable to resolve texture due to upward reference: #side in immersiveengineering:models/block/ieScaffolding
[23:03:57] [Client thread/WARN]: Unable to resolve texture due to upward reference: #side in immersiveengineering:models/block/ieScaffolding
[23:03:58] [Client thread/WARN]: Unable to resolve texture due to upward reference: #side in immersiveengineering:models/block/ieScaffolding
[23:03:58] [Client thread/WARN]: Unable to resolve texture due to upward reference: #side in immersiveengineering:models/block/ieScaffolding
[23:03:58] [Client thread/WARN]: Unable to resolve texture due to upward reference: #side in immersiveengineering:models/block/ieScaffolding
[23:03:58] [Client thread/WARN]: Unable to resolve texture due to upward reference: #side in immersiveengineering:models/block/ieScaffolding
[23:03:58] [Client thread/WARN]: Unable to resolve texture due to upward reference: #side in immersiveengineering:models/block/ieScaffolding
[23:03:58] [Client thread/WARN]: Unable to resolve texture due to upward reference: #side in immersiveengineering:models/block/ieScaffolding
[23:03:58] [Client thread/WARN]: Unable to resolve texture due to upward reference: #side in immersiveengineering:models/block/ieScaffolding
[23:03:58] [Client thread/WARN]: Unable to resolve texture due to upward reference: #side in immersiveengineering:models/block/ieScaffolding
[23:03:58] [Client thread/WARN]: Unable to resolve texture due to upward reference: #side in immersiveengineering:models/block/ieScaffolding
[23:03:58] [Client thread/WARN]: Unable to resolve texture due to upward reference: #side in immersiveengineering:models/block/ieScaffolding
[23:03:58] [Client thread/WARN]: Unable to resolve texture due to upward reference: #side in immersiveengineering:models/block/ieScaffolding
[23:03:58] [Client thread/WARN]: Unable to resolve texture due to upward reference: #side in immersiveengineering:models/block/ieScaffolding
[23:03:58] [Client thread/WARN]: Unable to resolve texture due to upward reference: #side in immersiveengineering:models/block/ieScaffolding
[23:03:58] [Client thread/WARN]: Unable to resolve texture due to upward reference: #side in immersiveengineering:models/block/ieScaffolding
[23:03:58] [Client thread/WARN]: Unable to resolve texture due to upward reference: #side in immersiveengineering:models/block/ieScaffolding
[23:03:58] [Client thread/WARN]: Unable to resolve texture due to upward reference: #side in immersiveengineering:models/block/ieScaffolding
[23:03:58] [Client thread/WARN]: Unable to resolve texture due to upward reference: #side in immersiveengineering:models/block/ieScaffolding
[23:03:58] [Client thread/WARN]: Unable to resolve texture due to upward reference: #side in immersiveengineering:models/block/ieScaffolding
[23:03:58] [Client thread/WARN]: Unable to resolve texture due to upward reference: #side in immersiveengineering:models/block/ieScaffolding
[23:03:58] [Client thread/WARN]: Unable to resolve texture due to upward reference: #side in immersiveengineering:models/block/ieScaffolding
[23:03:58] [Client thread/WARN]: Unable to resolve texture due to upward reference: #side in immersiveengineering:models/block/ieScaffolding
[23:03:59] [Client thread/WARN]: Unable to resolve texture due to upward reference: #side in immersiveengineering:models/block/ieScaffolding
[23:03:59] [Client thread/WARN]: Unable to resolve texture due to upward reference: #side in immersiveengineering:models/block/ieScaffolding
[23:03:59] [Client thread/WARN]: Unable to resolve texture due to upward reference: #side in immersiveengineering:models/block/ieScaffolding
[23:03:59] [Client thread/WARN]: Unable to resolve texture due to upward reference: #side in immersiveengineering:models/block/ieScaffolding
[23:03:59] [Client thread/WARN]: Unable to resolve texture due to upward reference: #side in immersiveengineering:models/block/ieScaffolding
[23:03:59] [Client thread/WARN]: Unable to resolve texture due to upward reference: #side in immersiveengineering:models/block/ieScaffolding
[23:03:59] [Client thread/WARN]: Unable to resolve texture due to upward reference: #side in immersiveengineering:models/block/ieScaffolding
[23:03:59] [Client thread/WARN]: Unable to resolve texture due to upward reference: #side in immersiveengineering:models/block/ieScaffolding
[23:03:59] [Client thread/WARN]: Unable to resolve texture due to upward reference: #side in immersiveengineering:models/block/ieScaffolding
[23:03:59] [Client thread/WARN]: Unable to resolve texture due to upward reference: #side in immersiveengineering:models/block/ieScaffolding
[23:03:59] [Client thread/WARN]: Unable to resolve texture due to upward reference: #side in immersiveengineering:models/block/ieScaffolding
[23:03:59] [Client thread/WARN]: Unable to resolve texture due to upward reference: #side in immersiveengineering:models/block/ieScaffolding
[23:03:59] [Client thread/WARN]: Unable to resolve texture due to upward reference: #side in immersiveengineering:models/block/ieScaffolding
[23:03:59] [Client thread/WARN]: Unable to resolve texture due to upward reference: #side in immersiveengineering:models/block/ieScaffolding
[23:03:59] [Client thread/WARN]: Unable to resolve texture due to upward reference: #side in immersiveengineering:models/block/ieScaffolding
[23:03:59] [Client thread/WARN]: Unable to resolve texture due to upward reference: #side in immersiveengineering:models/block/ieScaffolding
[23:03:59] [Client thread/WARN]: Unable to resolve texture due to upward reference: #side in immersiveengineering:models/block/ieScaffolding
[23:03:59] [Client thread/WARN]: Unable to resolve texture due to upward reference: #side in immersiveengineering:models/block/ieScaffolding
[23:03:59] [Client thread/WARN]: Unable to resolve texture due to upward reference: #side in immersiveengineering:models/block/ieScaffolding
[23:03:59] [Client thread/WARN]: Unable to resolve texture due to upward reference: #side in immersiveengineering:models/block/ieScaffolding
[23:03:59] [Client thread/WARN]: Unable to resolve texture due to upward reference: #side in immersiveengineering:models/block/ieScaffolding
[23:03:59] [Client thread/WARN]: Unable to resolve texture due to upward reference: #side in immersiveengineering:models/block/ieScaffolding
[23:03:59] [Client thread/WARN]: Unable to resolve texture due to upward reference: #side in immersiveengineering:models/block/ieScaffolding
[23:03:59] [Client thread/WARN]: Unable to resolve texture due to upward reference: #side in immersiveengineering:models/block/ieScaffolding
[23:03:59] [Client thread/WARN]: Unable to resolve texture due to upward reference: #side in immersiveengineering:models/block/ieScaffolding
[23:03:59] [Client thread/WARN]: Unable to resolve texture due to upward reference: #side in immersiveengineering:models/block/ieScaffolding
[23:03:59] [Client thread/WARN]: Unable to resolve texture due to upward reference: #side in immersiveengineering:models/block/ieScaffolding
[23:03:59] [Client thread/WARN]: Unable to resolve texture due to upward reference: #side in immersiveengineering:models/block/ieScaffolding
[23:03:59] [Client thread/WARN]: Unable to resolve texture due to upward reference: #side in immersiveengineering:models/block/ieScaffolding
[23:04:07] [Client thread/WARN]: Skipping bad option: lastServer:
[23:04:30] [Client thread/INFO]: Deleting level Biome Bundle
[23:04:30] [Client thread/INFO]: Attempt 1...
[23:04:43] [Server thread/INFO]: Starting integrated minecraft server version 1.10.2
[23:04:43] [Server thread/INFO]: Generating keypair
[23:05:38] [Server thread/INFO]: Preparing start region for level 0
[23:05:39] [Server thread/INFO]: Preparing spawn area: 4%
[23:05:40] [Server thread/INFO]: Preparing spawn area: 7%
[23:05:41] [Server thread/INFO]: Preparing spawn area: 8%
[23:05:42] [Server thread/INFO]: Preparing spawn area: 11%
[23:05:43] [Server thread/INFO]: Preparing spawn area: 15%
[23:05:44] [Server thread/INFO]: Preparing spawn area: 19%
[23:05:45] [Server thread/INFO]: Preparing spawn area: 22%
[23:05:46] [Server thread/INFO]: Preparing spawn area: 26%
[23:05:47] [Server thread/INFO]: Preparing spawn area: 30%
[23:05:48] [Server thread/INFO]: Preparing spawn area: 33%
[23:05:49] [Server thread/INFO]: Preparing spawn area: 37%
[23:05:50] [Server thread/INFO]: Preparing spawn area: 40%
[23:05:54] [Server thread/INFO]: Preparing spawn area: 43%
[23:05:55] [Server thread/INFO]: Preparing spawn area: 47%
[23:05:56] [Server thread/INFO]: Preparing spawn area: 50%
[23:05:57] [Server thread/INFO]: Preparing spawn area: 55%
[23:05:58] [Server thread/INFO]: Preparing spawn area: 58%
[23:05:59] [Server thread/INFO]: Preparing spawn area: 62%
[23:06:00] [Server thread/INFO]: Preparing spawn area: 66%
[23:06:01] [Server thread/INFO]: Preparing spawn area: 70%
[23:06:02] [Server thread/INFO]: Preparing spawn area: 74%
[23:06:03] [Server thread/INFO]: Preparing spawn area: 79%
[23:06:04] [Server thread/INFO]: Preparing spawn area: 83%
[23:06:05] [Server thread/INFO]: Preparing spawn area: 87%
[23:06:06] [Server thread/INFO]: Preparing spawn area: 91%
[23:06:07] [Server thread/INFO]: Preparing spawn area: 95%
[23:06:08] [Server thread/INFO]: Preparing spawn area: 98%
[23:06:10] [Server thread/INFO]: Changing view distance to 13, from 10
[23:06:11] [Server thread/INFO]: jay302[local:E:6185f963] logged in with entity id 687 at (21.5, 74.0, 342.5)
[23:06:11] [Server thread/INFO]: jay302 joined the game
[23:06:20] [Client thread/INFO]: [CHAT] InvTweaks: Configuration loaded.
[23:06:21] [Client thread/INFO]: [CHAT] §3The AgriCraft team thanks you for your patience in testing the alpha release!
[23:06:21] [Client thread/INFO]: [CHAT] §3Your bug reports help us ensure release versions will be as awesome as you!
[23:06:21] [Client thread/INFO]: [CHAT] §3Submit them here: https://github.com/InfinityRaider/AgriCraft/issues
[23:06:21] [Client thread/INFO]: [CHAT] You haven't joined or created a team yet! [Click Here] to open TeamsGUI or [Click Here] to hide this message.
[23:06:23] [Server thread/WARN]: Can't keep up! Did the system time change, or is the server overloaded? Running 13532ms behind, skipping 270 tick(s)
[23:06:24] [Client thread/INFO]: [CHAT] This server doesn't have Hardcore Questing Mode enabled.
[23:06:26] [Client thread/INFO]: [CHAT] §eJourneyMap:§f Press [§bJ§f]
[23:06:37] [Server thread/INFO]: jay302 has just earned the achievement [Taking Inventory]
[23:06:37] [Client thread/INFO]: [CHAT] jay302 has just earned the achievement [Taking Inventory]
[23:06:51] [Server thread/WARN]: Can't keep up! Did the system time change, or is the server overloaded? Running 20533ms behind, skipping 410 tick(s)
[23:06:54] [Server thread/WARN]: Can't keep up! Did the system time change, or is the server overloaded? Running 2705ms behind, skipping 54 tick(s)
[23:07:11] [Server thread/WARN]: Can't keep up! Did the system time change, or is the server overloaded? Running 4605ms behind, skipping 92 tick(s)
[23:07:27] [Server thread/WARN]: Can't keep up! Did the system time change, or is the server overloaded? Running 3848ms behind, skipping 76 tick(s)
[23:07:44] [Server thread/WARN]: Can't keep up! Did the system time change, or is the server overloaded? Running 4775ms behind, skipping 95 tick(s)
[23:07:49] [Client thread/INFO]: [CHAT] Team 'jay302' created
[23:08:00] [Server thread/WARN]: Can't keep up! Did the system time change, or is the server overloaded? Running 4169ms behind, skipping 83 tick(s)
[23:08:03] [Server thread/INFO]: Saving and pausing game...
[23:08:03] [Server thread/INFO]: Saving chunks for level 'Biome Bundle'/Overworld
[23:08:03] [Server thread/INFO]: Saving chunks for level 'Biome Bundle'/Nether
[23:08:03] [Server thread/INFO]: Saving chunks for level 'Biome Bundle'/The End
[23:08:03] [Server thread/INFO]: Saving chunks for level 'Biome Bundle'/Deep Dark
[23:08:03] [Server thread/INFO]: Saving chunks for level 'Biome Bundle'/ExtraUtils2_Quarry_Dim
[23:08:05] [Server thread/INFO]: Stopping server
[23:08:05] [Server thread/INFO]: Saving players
[23:08:05] [Server thread/INFO]: Saving worlds
[23:08:05] [Server thread/INFO]: Saving chunks for level 'Biome Bundle'/Overworld
[23:08:05] [Server thread/INFO]: Saving chunks for level 'Biome Bundle'/Nether
[23:08:05] [Server thread/INFO]: Saving chunks for level 'Biome Bundle'/The End
[23:08:05] [Server thread/INFO]: Saving chunks for level 'Biome Bundle'/Deep Dark
[23:08:05] [Server thread/INFO]: Saving chunks for level 'Biome Bundle'/ExtraUtils2_Quarry_Dim
[23:08:15] [Client thread/INFO]: Deleting level Biome Bundle
[23:08:15] [Client thread/INFO]: Attempt 1...
[23:08:27] [Server thread/INFO]: Starting integrated minecraft server version 1.10.2
[23:08:27] [Server thread/INFO]: Generating keypair
[23:09:56] [Server thread/INFO]: Preparing start region for level 0
[23:09:57] [Server thread/INFO]: Preparing spawn area: 6%
[23:09:58] [Server thread/INFO]: Preparing spawn area: 10%
[23:09:59] [Server thread/INFO]: Preparing spawn area: 15%
[23:10:00] [Server thread/INFO]: Preparing spawn area: 24%
[23:10:01] [Server thread/INFO]: Preparing spawn area: 35%
[23:10:02] [Server thread/INFO]: Preparing spawn area: 42%
[23:10:03] [Server thread/INFO]: Preparing spawn area: 47%
[23:10:04] [Server thread/INFO]: Preparing spawn area: 52%
[23:10:05] [Server thread/INFO]: Preparing spawn area: 57%
[23:10:06] [Server thread/INFO]: Preparing spawn area: 62%
[23:10:07] [Server thread/INFO]: Preparing spawn area: 67%
[23:10:08] [Server thread/INFO]: Preparing spawn area: 71%
[23:10:09] [Server thread/INFO]: Preparing spawn area: 76%
[23:10:10] [Server thread/INFO]: Preparing spawn area: 80%
[23:10:11] [Server thread/INFO]: Preparing spawn area: 84%
[23:10:12] [Server thread/INFO]: Preparing spawn area: 89%
[23:10:13] [Server thread/INFO]: Preparing spawn area: 95%
[23:10:15] [Server thread/INFO]: Changing view distance to 13, from 10
[23:10:15] [Server thread/INFO]: jay302[local:E:7d9f52f7] logged in with entity id 3515 at (-315.5, 24.0, 297.5)
[23:10:15] [Server thread/INFO]: jay302 joined the game
[23:10:24] [Server thread/INFO]: Saving and pausing game...
[23:10:24] [Server thread/INFO]: Saving chunks for level 'Biome Bundle'/Overworld
[23:10:25] [Client thread/INFO]: [CHAT] §3AgriCraft alphas are the first step to improving Minecraft agriculture!
[23:10:25] [Client thread/INFO]: [CHAT] §3You could be the first step to improving real-world agriculture!
[23:10:25] [Client thread/INFO]: [CHAT] §3Donate here: https://www.heifer.org
[23:10:25] [Client thread/INFO]: [CHAT] You haven't joined or created a team yet! [Click Here] to open TeamsGUI or [Click Here] to hide this message.
[23:10:26] [Server thread/INFO]: Saving chunks for level 'Biome Bundle'/Nether
[23:10:26] [Server thread/INFO]: Saving chunks for level 'Biome Bundle'/The End
[23:10:26] [Server thread/INFO]: Saving chunks for level 'Biome Bundle'/Deep Dark
[23:10:26] [Server thread/INFO]: Saving chunks for level 'Biome Bundle'/ExtraUtils2_Quarry_Dim
[23:10:27] [Client thread/INFO]: [CHAT] This server doesn't have Hardcore Questing Mode enabled.
[23:10:31] [Server thread/WARN]: Can't keep up! Did the system time change, or is the server overloaded? Running 14995ms behind, skipping 299 tick(s)
[23:10:43] [Server thread/WARN]: Can't keep up! Did the system time change, or is the server overloaded? Running 2682ms behind, skipping 53 tick(s)
[23:11:33] [Server thread/WARN]: Can't keep up! Did the system time change, or is the server overloaded? Running 34150ms behind, skipping 683 tick(s)
[23:11:46] [Server thread/WARN]: Can't keep up! Did the system time change, or is the server overloaded? Running 12546ms behind, skipping 250 tick(s)
[23:11:57] [Server thread/INFO]: Saving and pausing game...
[23:11:57] [Server thread/INFO]: Saving chunks for level 'Biome Bundle'/Overworld
[23:11:58] [Server thread/INFO]: Saving chunks for level 'Biome Bundle'/Nether
[23:11:58] [Server thread/INFO]: Saving chunks for level 'Biome Bundle'/The End
[23:11:58] [Server thread/INFO]: Saving chunks for level 'Biome Bundle'/Deep Dark
[23:11:58] [Server thread/INFO]: Saving chunks for level 'Biome Bundle'/ExtraUtils2_Quarry_Dim
[23:11:58] [Server thread/WARN]: Can't keep up! Did the system time change, or is the server overloaded? Running 2166ms behind, skipping 43 tick(s)
[23:11:58] [Server thread/INFO]: Stopping server
[23:11:58] [Server thread/INFO]: Saving players
[23:11:58] [Server thread/INFO]: Saving worlds
[23:11:58] [Server thread/INFO]: Saving chunks for level 'Biome Bundle'/Overworld
[23:11:58] [Server thread/INFO]: Saving chunks for level 'Biome Bundle'/Nether
[23:11:58] [Server thread/INFO]: Saving chunks for level 'Biome Bundle'/The End
[23:11:58] [Server thread/INFO]: Saving chunks for level 'Biome Bundle'/Deep Dark
[23:11:58] [Server thread/INFO]: Saving chunks for level 'Biome Bundle'/ExtraUtils2_Quarry_Dim
[23:12:18] [Client thread/INFO]: Deleting level Biome Bundle
[23:12:18] [Client thread/INFO]: Attempt 1...
[23:12:20] [Client thread/INFO]: Stopping!
[23:12:20] [Client thread/INFO]: SoundSystem shutting down...
[23:12:20] [Client thread/WARN]: Author: Paul Lamb, www.paulscode.com
